This is LuaTeX, Version 1.0.4 (TeX Live 2017/Debian)  (format=lualatex 2019.12.1)  7 AUG 2020 18:55
 restricted system commands enabled.
**/home/roel/Documents/webpage/css/pages.css
(/home/roel/Documents/webpage/css/pages.css
LaTeX2e <2017-04-15>
Lua module: luaotfload-main 2017/01/29 2.80001 OpenType layout system.
Lua module: lualibs 2017-02-01 2.5 ConTeXt Lua standard libraries.
Lua module: lualibs-extended 2017-02-01 2.5 ConTeXt Lua libraries -- extended co
llection.(using write cache: /home/roel/.texlive2017/texmf-var/luatex-cache/gene
ric)(using read cache: /var/lib/texmf/luatex-cache/generic /home/roel/.texlive20
17/texmf-var/luatex-cache/generic)
luaotfload | conf : Root cache directory is /home/roel/.texlive2017/texmf-var/lu
atex-cache/generic/names.
luaotfload | init : Loading fontloader “fontloader-2017-02-11.lua” from kpse
-resolved path “/usr/share/texlive/texmf-dist/tex/luatex/luaotfload/fontloader
-2017-02-11.lua”.
Lua-only attribute luaotfload@state = 1
Lua-only attribute luaotfload@noligature = 2
Lua-only attribute luaotfload@syllabe = 3
luaotfload | init : Context OpenType loader version “3.027”
Inserting `luaotfload.node_processor' at position 1 in `pre_linebreak_filter'.
Inserting `luaotfload.node_processor' at position 1 in `hpack_filter'.
Inserting `luaotfload.define_font' at position 1 in `define_font'.
Lua-only attribute luaotfload_color_attribute = 4
luaotfload | conf : Root cache directory is /home/roel/.texlive2017/texmf-var/lu
atex-cache/generic/names.
Inserting `luaotfload.aux.set_sscale_dimens' at position 1 in `luaotfload.patch_
font'.
Inserting `luaotfload.aux.patch_cambria_domh' at position 2 in `luaotfload.patch
_font'.
Inserting `luaotfload.aux.fixup_fontdata' at position 1 in `luaotfload.patch_fon
t_unsafe'.
Inserting `luaotfload.aux.set_capheight' at position 3 in `luaotfload.patch_font
'.
Inserting `luaotfload.rewrite_fontname' at position 4 in `luaotfload.patch_font'
.
luaotfload | main : initialization completed in 0.272 seconds
Babel <3.18> and hyphenation patterns for 1 language(s) loaded.

! LaTeX Error: Missing \begin{document}.

See the LaTeX manual or LaTeX Companion for explanation.
Type  H <return>  for immediate help.
 ...                                              
                                                  
l.1 /
   *
? 
! Emergency stop.
 ...                                              
                                                  
l.1 /
   *
You're in trouble here.  Try typing  <return>  to proceed.
If that doesn't work, type  X <return>  to quit.



Here is how much of LuaTeX's memory you used:
 10 strings out of 494480
 100000,89155 words of node,token memory allocated 272 words of node memory still in use:
   1 hlist, 1 local_par, 1 dir, 1 glue, 1 attribute, 35 glue_spec, 1 attribute_l
ist, 1 temp nodes
   avail lists: 2:9,3:1,4:1,7:1
 4256 multiletter control sequences out of 65536+600000
 14 fonts using 591679 bytes
 5i,0n,4p,46b,15s stack positions out of 5000i,500n,10000p,200000b,100000s
!  ==> Fatal error occurred, no output PDF file produced!
